2023-03-21 11:48:36,737 [Worker-1: Loading available Gradle versions] INFO  o.e.b.c.i.u.g.PublishedGradleVersions - Gradle version information cache is out-of-date. Trying to update.
2023-03-27 00:36:48,304 [Worker-0: Loading available Gradle versions] INFO  o.e.b.c.i.u.g.PublishedGradleVersions - Gradle version information cache is up-to-date. Trying to read.
2023-03-27 00:37:36,172 [Worker-2: Loading available Gradle versions] INFO  o.e.b.c.i.u.g.PublishedGradleVersions - Gradle version information cache is up-to-date. Trying to read.
2023-03-27 01:00:35,036 [Worker-13: Creating objetos-dos] INFO  o.e.m.c.i.p.ProjectConfigurationManager - Collecting project info '/pom.xml' /home/visino/VisinoJuanCruz/Facultad/Objetos2/ejercicio_1/pom.xml
2023-03-27 01:00:35,810 [Worker-13: Creating objetos-dos] INFO  o.e.m.c.i.l.LifecycleMappingFactory - Using org.eclipse.m2e.jdt.JarLifecycleMapping lifecycle mapping for MavenProject: ar.edu.unlp.info.oo2:ejercicio_1:0.0.1-SNAPSHOT @ /home/visino/VisinoJuanCruz/Facultad/Objetos2/ejercicio_1/pom.xml.
2023-03-27 01:00:36,166 [Worker-13: Creating objetos-dos] INFO  o.e.m.j.i.AbstractJavaProjectConfigurator - Adding source folder /ejercicio_1/src/main/java
2023-03-27 01:00:36,167 [Worker-13: Creating objetos-dos] INFO  o.e.m.j.i.AbstractJavaProjectConfigurator - Adding source folder /ejercicio_1/src/test/java
2023-03-27 01:00:36,196 [Worker-13: Creating objetos-dos] INFO  o.e.m.c.i.p.ProjectConfigurationManager - Imported and configured 1 project(s) in 1 sec
2023-03-27 01:00:36,584 [Worker-13: Building] INFO  o.e.m.c.i.embedder.EclipseLogger - Using 'UTF-8' encoding to copy filtered resources.
2023-03-27 01:00:36,585 [Worker-13: Building] INFO  o.e.m.c.i.embedder.EclipseLogger - skip non existing resourceDirectory /home/visino/VisinoJuanCruz/Facultad/Objetos2/ejercicio_1/src/main/resources
2023-03-27 01:00:36,587 [Worker-13: Building] INFO  o.e.m.c.i.embedder.EclipseLogger - Using 'UTF-8' encoding to copy filtered resources.
2023-03-27 01:00:36,587 [Worker-13: Building] INFO  o.e.m.c.i.embedder.EclipseLogger - skip non existing resourceDirectory /home/visino/VisinoJuanCruz/Facultad/Objetos2/ejercicio_1/src/test/resources
2023-03-27 01:01:36,774 [Worker-6: Building] INFO  o.e.m.c.i.embedder.EclipseLogger - Using 'UTF-8' encoding to copy filtered resources.
2023-03-27 01:01:36,774 [Worker-6: Building] INFO  o.e.m.c.i.embedder.EclipseLogger - skip non existing resourceDirectory /home/visino/VisinoJuanCruz/Facultad/Objetos2/ejercicio_1/src/main/resources
2023-03-27 01:01:36,776 [Worker-6: Building] INFO  o.e.m.c.i.embedder.EclipseLogger - Using 'UTF-8' encoding to copy filtered resources.
2023-03-27 01:01:36,777 [Worker-6: Building] INFO  o.e.m.c.i.embedder.EclipseLogger - skip non existing resourceDirectory /home/visino/VisinoJuanCruz/Facultad/Objetos2/ejercicio_1/src/test/resources
2023-03-27 01:01:46,536 [Worker-13: Building] INFO  o.e.m.c.i.embedder.EclipseLogger - Using 'UTF-8' encoding to copy filtered resources.
2023-03-27 01:01:46,536 [Worker-13: Building] INFO  o.e.m.c.i.embedder.EclipseLogger - skip non existing resourceDirectory /home/visino/VisinoJuanCruz/Facultad/Objetos2/ejercicio_1/src/main/resources
2023-03-27 01:01:46,540 [Worker-13: Building] INFO  o.e.m.c.i.embedder.EclipseLogger - Using 'UTF-8' encoding to copy filtered resources.
2023-03-27 01:01:46,540 [Worker-13: Building] INFO  o.e.m.c.i.embedder.EclipseLogger - skip non existing resourceDirectory /home/visino/VisinoJuanCruz/Facultad/Objetos2/ejercicio_1/src/test/resources
2023-03-27 01:01:53,089 [Worker-6: Building] INFO  o.e.m.c.i.embedder.EclipseLogger - Using 'UTF-8' encoding to copy filtered resources.
2023-03-27 01:01:53,089 [Worker-6: Building] INFO  o.e.m.c.i.embedder.EclipseLogger - skip non existing resourceDirectory /home/visino/VisinoJuanCruz/Facultad/Objetos2/ejercicio_1/src/main/resources
2023-03-27 01:01:53,090 [Worker-6: Building] INFO  o.e.m.c.i.embedder.EclipseLogger - Using 'UTF-8' encoding to copy filtered resources.
2023-03-27 01:01:53,090 [Worker-6: Building] INFO  o.e.m.c.i.embedder.EclipseLogger - skip non existing resourceDirectory /home/visino/VisinoJuanCruz/Facultad/Objetos2/ejercicio_1/src/test/resources
2023-03-27 01:06:16,554 [Worker-17: Building] INFO  o.e.m.c.i.embedder.EclipseLogger - Using 'UTF-8' encoding to copy filtered resources.
2023-03-27 01:06:16,554 [Worker-17: Building] INFO  o.e.m.c.i.embedder.EclipseLogger - skip non existing resourceDirectory /home/visino/VisinoJuanCruz/Facultad/Objetos2/ejercicio_1/src/main/resources
2023-03-27 01:06:16,556 [Worker-17: Building] INFO  o.e.m.c.i.embedder.EclipseLogger - Using 'UTF-8' encoding to copy filtered resources.
2023-03-27 01:06:16,556 [Worker-17: Building] INFO  o.e.m.c.i.embedder.EclipseLogger - skip non existing resourceDirectory /home/visino/VisinoJuanCruz/Facultad/Objetos2/ejercicio_1/src/test/resources
2023-03-27 01:06:54,344 [Worker-13: Building] INFO  o.e.m.c.i.embedder.EclipseLogger - Using 'UTF-8' encoding to copy filtered resources.
2023-03-27 01:06:54,344 [Worker-13: Building] INFO  o.e.m.c.i.embedder.EclipseLogger - skip non existing resourceDirectory /home/visino/VisinoJuanCruz/Facultad/Objetos2/ejercicio_1/src/main/resources
2023-03-27 01:06:54,346 [Worker-13: Building] INFO  o.e.m.c.i.embedder.EclipseLogger - Using 'UTF-8' encoding to copy filtered resources.
2023-03-27 01:06:54,346 [Worker-13: Building] INFO  o.e.m.c.i.embedder.EclipseLogger - skip non existing resourceDirectory /home/visino/VisinoJuanCruz/Facultad/Objetos2/ejercicio_1/src/test/resources
2023-03-27 01:22:41,924 [Worker-13: Building] INFO  o.e.m.c.i.embedder.EclipseLogger - Using 'UTF-8' encoding to copy filtered resources.
2023-03-27 01:22:41,925 [Worker-13: Building] INFO  o.e.m.c.i.embedder.EclipseLogger - skip non existing resourceDirectory /home/visino/VisinoJuanCruz/Facultad/Objetos2/ejercicio_1/src/main/resources
2023-03-27 01:22:41,926 [Worker-13: Building] INFO  o.e.m.c.i.embedder.EclipseLogger - Using 'UTF-8' encoding to copy filtered resources.
2023-03-27 01:22:41,926 [Worker-13: Building] INFO  o.e.m.c.i.embedder.EclipseLogger - skip non existing resourceDirectory /home/visino/VisinoJuanCruz/Facultad/Objetos2/ejercicio_1/src/test/resources
2023-03-27 01:22:45,393 [Worker-20: Building] INFO  o.e.m.c.i.embedder.EclipseLogger - Using 'UTF-8' encoding to copy filtered resources.
2023-03-27 01:22:45,393 [Worker-20: Building] INFO  o.e.m.c.i.embedder.EclipseLogger - skip non existing resourceDirectory /home/visino/VisinoJuanCruz/Facultad/Objetos2/ejercicio_1/src/main/resources
2023-03-27 01:22:45,396 [Worker-20: Building] INFO  o.e.m.c.i.embedder.EclipseLogger - Using 'UTF-8' encoding to copy filtered resources.
2023-03-27 01:22:45,396 [Worker-20: Building] INFO  o.e.m.c.i.embedder.EclipseLogger - skip non existing resourceDirectory /home/visino/VisinoJuanCruz/Facultad/Objetos2/ejercicio_1/src/test/resources
2023-03-27 01:23:12,136 [Worker-22: Building] INFO  o.e.m.c.i.embedder.EclipseLogger - Using 'UTF-8' encoding to copy filtered resources.
2023-03-27 01:23:12,136 [Worker-22: Building] INFO  o.e.m.c.i.embedder.EclipseLogger - skip non existing resourceDirectory /home/visino/VisinoJuanCruz/Facultad/Objetos2/ejercicio_1/src/main/resources
2023-03-27 01:23:12,137 [Worker-22: Building] INFO  o.e.m.c.i.embedder.EclipseLogger - Using 'UTF-8' encoding to copy filtered resources.
2023-03-27 01:23:12,137 [Worker-22: Building] INFO  o.e.m.c.i.embedder.EclipseLogger - skip non existing resourceDirectory /home/visino/VisinoJuanCruz/Facultad/Objetos2/ejercicio_1/src/test/resources
2023-03-27 01:23:52,607 [Worker-22: Building] INFO  o.e.m.c.i.embedder.EclipseLogger - Using 'UTF-8' encoding to copy filtered resources.
2023-03-27 01:23:52,607 [Worker-22: Building] INFO  o.e.m.c.i.embedder.EclipseLogger - skip non existing resourceDirectory /home/visino/VisinoJuanCruz/Facultad/Objetos2/ejercicio_1/src/main/resources
2023-03-27 01:23:52,608 [Worker-22: Building] INFO  o.e.m.c.i.embedder.EclipseLogger - Using 'UTF-8' encoding to copy filtered resources.
2023-03-27 01:23:52,608 [Worker-22: Building] INFO  o.e.m.c.i.embedder.EclipseLogger - skip non existing resourceDirectory /home/visino/VisinoJuanCruz/Facultad/Objetos2/ejercicio_1/src/test/resources
2023-03-27 01:23:57,328 [Worker-22: Building] INFO  o.e.m.c.i.embedder.EclipseLogger - Using 'UTF-8' encoding to copy filtered resources.
2023-03-27 01:23:57,328 [Worker-22: Building] INFO  o.e.m.c.i.embedder.EclipseLogger - skip non existing resourceDirectory /home/visino/VisinoJuanCruz/Facultad/Objetos2/ejercicio_1/src/main/resources
2023-03-27 01:23:57,329 [Worker-22: Building] INFO  o.e.m.c.i.embedder.EclipseLogger - Using 'UTF-8' encoding to copy filtered resources.
2023-03-27 01:23:57,330 [Worker-22: Building] INFO  o.e.m.c.i.embedder.EclipseLogger - skip non existing resourceDirectory /home/visino/VisinoJuanCruz/Facultad/Objetos2/ejercicio_1/src/test/resources
2023-03-27 01:23:59,291 [Worker-13: Building] INFO  o.e.m.c.i.embedder.EclipseLogger - Using 'UTF-8' encoding to copy filtered resources.
2023-03-27 01:23:59,291 [Worker-13: Building] INFO  o.e.m.c.i.embedder.EclipseLogger - skip non existing resourceDirectory /home/visino/VisinoJuanCruz/Facultad/Objetos2/ejercicio_1/src/main/resources
2023-03-27 01:23:59,293 [Worker-13: Building] INFO  o.e.m.c.i.embedder.EclipseLogger - Using 'UTF-8' encoding to copy filtered resources.
2023-03-27 01:23:59,293 [Worker-13: Building] INFO  o.e.m.c.i.embedder.EclipseLogger - skip non existing resourceDirectory /home/visino/VisinoJuanCruz/Facultad/Objetos2/ejercicio_1/src/test/resources
2023-03-27 01:24:18,515 [Worker-17: Building] INFO  o.e.m.c.i.embedder.EclipseLogger - Using 'UTF-8' encoding to copy filtered resources.
2023-03-27 01:24:18,515 [Worker-17: Building] INFO  o.e.m.c.i.embedder.EclipseLogger - skip non existing resourceDirectory /home/visino/VisinoJuanCruz/Facultad/Objetos2/ejercicio_1/src/main/resources
2023-03-27 01:24:18,516 [Worker-17: Building] INFO  o.e.m.c.i.embedder.EclipseLogger - Using 'UTF-8' encoding to copy filtered resources.
2023-03-27 01:24:18,516 [Worker-17: Building] INFO  o.e.m.c.i.embedder.EclipseLogger - skip non existing resourceDirectory /home/visino/VisinoJuanCruz/Facultad/Objetos2/ejercicio_1/src/test/resources
2023-03-27 01:24:23,959 [Worker-17: Building] INFO  o.e.m.c.i.embedder.EclipseLogger - Using 'UTF-8' encoding to copy filtered resources.
2023-03-27 01:24:23,959 [Worker-17: Building] INFO  o.e.m.c.i.embedder.EclipseLogger - skip non existing resourceDirectory /home/visino/VisinoJuanCruz/Facultad/Objetos2/ejercicio_1/src/main/resources
2023-03-27 01:24:23,960 [Worker-17: Building] INFO  o.e.m.c.i.embedder.EclipseLogger - Using 'UTF-8' encoding to copy filtered resources.
2023-03-27 01:24:23,960 [Worker-17: Building] INFO  o.e.m.c.i.embedder.EclipseLogger - skip non existing resourceDirectory /home/visino/VisinoJuanCruz/Facultad/Objetos2/ejercicio_1/src/test/resources
2023-03-27 01:26:54,573 [Worker-21: Building] INFO  o.e.m.c.i.embedder.EclipseLogger - Using 'UTF-8' encoding to copy filtered resources.
2023-03-27 01:26:54,573 [Worker-21: Building] INFO  o.e.m.c.i.embedder.EclipseLogger - skip non existing resourceDirectory /home/visino/VisinoJuanCruz/Facultad/Objetos2/ejercicio_1/src/main/resources
2023-03-27 01:26:54,574 [Worker-21: Building] INFO  o.e.m.c.i.embedder.EclipseLogger - Using 'UTF-8' encoding to copy filtered resources.
2023-03-27 01:26:54,574 [Worker-21: Building] INFO  o.e.m.c.i.embedder.EclipseLogger - skip non existing resourceDirectory /home/visino/VisinoJuanCruz/Facultad/Objetos2/ejercicio_1/src/test/resources
2023-03-27 01:27:39,457 [Worker-13: Building] INFO  o.e.m.c.i.embedder.EclipseLogger - Using 'UTF-8' encoding to copy filtered resources.
2023-03-27 01:27:39,457 [Worker-13: Building] INFO  o.e.m.c.i.embedder.EclipseLogger - skip non existing resourceDirectory /home/visino/VisinoJuanCruz/Facultad/Objetos2/ejercicio_1/src/main/resources
2023-03-27 01:27:39,460 [Worker-13: Building] INFO  o.e.m.c.i.embedder.EclipseLogger - Using 'UTF-8' encoding to copy filtered resources.
2023-03-27 01:27:39,460 [Worker-13: Building] INFO  o.e.m.c.i.embedder.EclipseLogger - skip non existing resourceDirectory /home/visino/VisinoJuanCruz/Facultad/Objetos2/ejercicio_1/src/test/resources
2023-03-27 01:28:23,549 [Worker-21: Building] INFO  o.e.m.c.i.embedder.EclipseLogger - Using 'UTF-8' encoding to copy filtered resources.
2023-03-27 01:28:23,549 [Worker-21: Building] INFO  o.e.m.c.i.embedder.EclipseLogger - skip non existing resourceDirectory /home/visino/VisinoJuanCruz/Facultad/Objetos2/ejercicio_1/src/main/resources
2023-03-27 01:28:23,550 [Worker-21: Building] INFO  o.e.m.c.i.embedder.EclipseLogger - Using 'UTF-8' encoding to copy filtered resources.
2023-03-27 01:28:23,550 [Worker-21: Building] INFO  o.e.m.c.i.embedder.EclipseLogger - skip non existing resourceDirectory /home/visino/VisinoJuanCruz/Facultad/Objetos2/ejercicio_1/src/test/resources
2023-03-27 01:28:31,001 [Worker-20: Building] INFO  o.e.m.c.i.embedder.EclipseLogger - Using 'UTF-8' encoding to copy filtered resources.
2023-03-27 01:28:31,001 [Worker-20: Building] INFO  o.e.m.c.i.embedder.EclipseLogger - skip non existing resourceDirectory /home/visino/VisinoJuanCruz/Facultad/Objetos2/ejercicio_1/src/main/resources
2023-03-27 01:28:31,002 [Worker-20: Building] INFO  o.e.m.c.i.embedder.EclipseLogger - Using 'UTF-8' encoding to copy filtered resources.
2023-03-27 01:28:31,002 [Worker-20: Building] INFO  o.e.m.c.i.embedder.EclipseLogger - skip non existing resourceDirectory /home/visino/VisinoJuanCruz/Facultad/Objetos2/ejercicio_1/src/test/resources
2023-03-27 01:28:45,692 [Worker-23: Building] INFO  o.e.m.c.i.embedder.EclipseLogger - Using 'UTF-8' encoding to copy filtered resources.
2023-03-27 01:28:45,692 [Worker-23: Building] INFO  o.e.m.c.i.embedder.EclipseLogger - skip non existing resourceDirectory /home/visino/VisinoJuanCruz/Facultad/Objetos2/ejercicio_1/src/main/resources
2023-03-27 01:28:45,694 [Worker-23: Building] INFO  o.e.m.c.i.embedder.EclipseLogger - Using 'UTF-8' encoding to copy filtered resources.
2023-03-27 01:28:45,694 [Worker-23: Building] INFO  o.e.m.c.i.embedder.EclipseLogger - skip non existing resourceDirectory /home/visino/VisinoJuanCruz/Facultad/Objetos2/ejercicio_1/src/test/resources
2023-03-27 01:28:47,873 [Worker-21: Building] INFO  o.e.m.c.i.embedder.EclipseLogger - Using 'UTF-8' encoding to copy filtered resources.
2023-03-27 01:28:47,873 [Worker-21: Building] INFO  o.e.m.c.i.embedder.EclipseLogger - skip non existing resourceDirectory /home/visino/VisinoJuanCruz/Facultad/Objetos2/ejercicio_1/src/main/resources
2023-03-27 01:28:47,874 [Worker-21: Building] INFO  o.e.m.c.i.embedder.EclipseLogger - Using 'UTF-8' encoding to copy filtered resources.
2023-03-27 01:28:47,874 [Worker-21: Building] INFO  o.e.m.c.i.embedder.EclipseLogger - skip non existing resourceDirectory /home/visino/VisinoJuanCruz/Facultad/Objetos2/ejercicio_1/src/test/resources
2023-03-27 01:29:01,629 [Worker-20: Building] INFO  o.e.m.c.i.embedder.EclipseLogger - Using 'UTF-8' encoding to copy filtered resources.
2023-03-27 01:29:01,629 [Worker-20: Building] INFO  o.e.m.c.i.embedder.EclipseLogger - skip non existing resourceDirectory /home/visino/VisinoJuanCruz/Facultad/Objetos2/ejercicio_1/src/main/resources
2023-03-27 01:29:01,630 [Worker-20: Building] INFO  o.e.m.c.i.embedder.EclipseLogger - Using 'UTF-8' encoding to copy filtered resources.
2023-03-27 01:29:01,630 [Worker-20: Building] INFO  o.e.m.c.i.embedder.EclipseLogger - skip non existing resourceDirectory /home/visino/VisinoJuanCruz/Facultad/Objetos2/ejercicio_1/src/test/resources
2023-03-27 01:29:11,144 [Worker-20: Building] INFO  o.e.m.c.i.embedder.EclipseLogger - Using 'UTF-8' encoding to copy filtered resources.
2023-03-27 01:29:11,145 [Worker-20: Building] INFO  o.e.m.c.i.embedder.EclipseLogger - skip non existing resourceDirectory /home/visino/VisinoJuanCruz/Facultad/Objetos2/ejercicio_1/src/main/resources
2023-03-27 01:29:11,146 [Worker-20: Building] INFO  o.e.m.c.i.embedder.EclipseLogger - Using 'UTF-8' encoding to copy filtered resources.
2023-03-27 01:29:11,146 [Worker-20: Building] INFO  o.e.m.c.i.embedder.EclipseLogger - skip non existing resourceDirectory /home/visino/VisinoJuanCruz/Facultad/Objetos2/ejercicio_1/src/test/resources
2023-03-27 01:29:19,116 [Worker-20: Building] INFO  o.e.m.c.i.embedder.EclipseLogger - Using 'UTF-8' encoding to copy filtered resources.
2023-03-27 01:29:19,116 [Worker-20: Building] INFO  o.e.m.c.i.embedder.EclipseLogger - skip non existing resourceDirectory /home/visino/VisinoJuanCruz/Facultad/Objetos2/ejercicio_1/src/main/resources
2023-03-27 01:29:19,117 [Worker-20: Building] INFO  o.e.m.c.i.embedder.EclipseLogger - Using 'UTF-8' encoding to copy filtered resources.
2023-03-27 01:29:19,117 [Worker-20: Building] INFO  o.e.m.c.i.embedder.EclipseLogger - skip non existing resourceDirectory /home/visino/VisinoJuanCruz/Facultad/Objetos2/ejercicio_1/src/test/resources
2023-03-27 01:29:30,528 [Worker-13: Building] INFO  o.e.m.c.i.embedder.EclipseLogger - Using 'UTF-8' encoding to copy filtered resources.
2023-03-27 01:29:30,528 [Worker-13: Building] INFO  o.e.m.c.i.embedder.EclipseLogger - skip non existing resourceDirectory /home/visino/VisinoJuanCruz/Facultad/Objetos2/ejercicio_1/src/main/resources
2023-03-27 01:29:30,529 [Worker-13: Building] INFO  o.e.m.c.i.embedder.EclipseLogger - Using 'UTF-8' encoding to copy filtered resources.
2023-03-27 01:29:30,529 [Worker-13: Building] INFO  o.e.m.c.i.embedder.EclipseLogger - skip non existing resourceDirectory /home/visino/VisinoJuanCruz/Facultad/Objetos2/ejercicio_1/src/test/resources
2023-03-27 01:29:52,070 [Worker-13: Building] INFO  o.e.m.c.i.embedder.EclipseLogger - Using 'UTF-8' encoding to copy filtered resources.
2023-03-27 01:29:52,070 [Worker-13: Building] INFO  o.e.m.c.i.embedder.EclipseLogger - skip non existing resourceDirectory /home/visino/VisinoJuanCruz/Facultad/Objetos2/ejercicio_1/src/main/resources
2023-03-27 01:29:52,071 [Worker-13: Building] INFO  o.e.m.c.i.embedder.EclipseLogger - Using 'UTF-8' encoding to copy filtered resources.
2023-03-27 01:29:52,071 [Worker-13: Building] INFO  o.e.m.c.i.embedder.EclipseLogger - skip non existing resourceDirectory /home/visino/VisinoJuanCruz/Facultad/Objetos2/ejercicio_1/src/test/resources
2023-03-27 01:30:32,370 [Worker-13: Building] INFO  o.e.m.c.i.embedder.EclipseLogger - Using 'UTF-8' encoding to copy filtered resources.
2023-03-27 01:30:32,371 [Worker-13: Building] INFO  o.e.m.c.i.embedder.EclipseLogger - skip non existing resourceDirectory /home/visino/VisinoJuanCruz/Facultad/Objetos2/ejercicio_1/src/main/resources
2023-03-27 01:30:32,373 [Worker-13: Building] INFO  o.e.m.c.i.embedder.EclipseLogger - Using 'UTF-8' encoding to copy filtered resources.
2023-03-27 01:30:32,373 [Worker-13: Building] INFO  o.e.m.c.i.embedder.EclipseLogger - skip non existing resourceDirectory /home/visino/VisinoJuanCruz/Facultad/Objetos2/ejercicio_1/src/test/resources
2023-03-27 01:31:27,652 [Worker-17: Building] INFO  o.e.m.c.i.embedder.EclipseLogger - Using 'UTF-8' encoding to copy filtered resources.
2023-03-27 01:31:27,652 [Worker-17: Building] INFO  o.e.m.c.i.embedder.EclipseLogger - skip non existing resourceDirectory /home/visino/VisinoJuanCruz/Facultad/Objetos2/ejercicio_1/src/main/resources
2023-03-27 01:31:27,653 [Worker-17: Building] INFO  o.e.m.c.i.embedder.EclipseLogger - Using 'UTF-8' encoding to copy filtered resources.
2023-03-27 01:31:27,653 [Worker-17: Building] INFO  o.e.m.c.i.embedder.EclipseLogger - skip non existing resourceDirectory /home/visino/VisinoJuanCruz/Facultad/Objetos2/ejercicio_1/src/test/resources
2023-03-27 01:31:38,740 [Worker-21: Building] INFO  o.e.m.c.i.embedder.EclipseLogger - Using 'UTF-8' encoding to copy filtered resources.
2023-03-27 01:31:38,740 [Worker-21: Building] INFO  o.e.m.c.i.embedder.EclipseLogger - skip non existing resourceDirectory /home/visino/VisinoJuanCruz/Facultad/Objetos2/ejercicio_1/src/main/resources
2023-03-27 01:31:38,741 [Worker-21: Building] INFO  o.e.m.c.i.embedder.EclipseLogger - Using 'UTF-8' encoding to copy filtered resources.
2023-03-27 01:31:38,741 [Worker-21: Building] INFO  o.e.m.c.i.embedder.EclipseLogger - skip non existing resourceDirectory /home/visino/VisinoJuanCruz/Facultad/Objetos2/ejercicio_1/src/test/resources
2023-03-27 01:31:47,327 [Worker-21: Building] INFO  o.e.m.c.i.embedder.EclipseLogger - Using 'UTF-8' encoding to copy filtered resources.
2023-03-27 01:31:47,327 [Worker-21: Building] INFO  o.e.m.c.i.embedder.EclipseLogger - skip non existing resourceDirectory /home/visino/VisinoJuanCruz/Facultad/Objetos2/ejercicio_1/src/main/resources
2023-03-27 01:31:47,328 [Worker-21: Building] INFO  o.e.m.c.i.embedder.EclipseLogger - Using 'UTF-8' encoding to copy filtered resources.
2023-03-27 01:31:47,328 [Worker-21: Building] INFO  o.e.m.c.i.embedder.EclipseLogger - skip non existing resourceDirectory /home/visino/VisinoJuanCruz/Facultad/Objetos2/ejercicio_1/src/test/resources
2023-03-27 01:31:54,986 [Worker-17: Building] INFO  o.e.m.c.i.embedder.EclipseLogger - Using 'UTF-8' encoding to copy filtered resources.
2023-03-27 01:31:54,987 [Worker-17: Building] INFO  o.e.m.c.i.embedder.EclipseLogger - skip non existing resourceDirectory /home/visino/VisinoJuanCruz/Facultad/Objetos2/ejercicio_1/src/main/resources
2023-03-27 01:31:54,987 [Worker-17: Building] INFO  o.e.m.c.i.embedder.EclipseLogger - Using 'UTF-8' encoding to copy filtered resources.
2023-03-27 01:31:54,987 [Worker-17: Building] INFO  o.e.m.c.i.embedder.EclipseLogger - skip non existing resourceDirectory /home/visino/VisinoJuanCruz/Facultad/Objetos2/ejercicio_1/src/test/resources
2023-03-27 01:36:06,659 [Worker-20: Building] INFO  o.e.m.c.i.embedder.EclipseLogger - Using 'UTF-8' encoding to copy filtered resources.
2023-03-27 01:36:06,659 [Worker-20: Building] INFO  o.e.m.c.i.embedder.EclipseLogger - skip non existing resourceDirectory /home/visino/VisinoJuanCruz/Facultad/Objetos2/ejercicio_1/src/main/resources
2023-03-27 01:36:06,660 [Worker-20: Building] INFO  o.e.m.c.i.embedder.EclipseLogger - Using 'UTF-8' encoding to copy filtered resources.
2023-03-27 01:36:06,660 [Worker-20: Building] INFO  o.e.m.c.i.embedder.EclipseLogger - skip non existing resourceDirectory /home/visino/VisinoJuanCruz/Facultad/Objetos2/ejercicio_1/src/test/resources
2023-03-27 01:36:09,300 [Worker-17: Building] INFO  o.e.m.c.i.embedder.EclipseLogger - Using 'UTF-8' encoding to copy filtered resources.
2023-03-27 01:36:09,300 [Worker-17: Building] INFO  o.e.m.c.i.embedder.EclipseLogger - skip non existing resourceDirectory /home/visino/VisinoJuanCruz/Facultad/Objetos2/ejercicio_1/src/main/resources
2023-03-27 01:36:09,301 [Worker-17: Building] INFO  o.e.m.c.i.embedder.EclipseLogger - Using 'UTF-8' encoding to copy filtered resources.
2023-03-27 01:36:09,301 [Worker-17: Building] INFO  o.e.m.c.i.embedder.EclipseLogger - skip non existing resourceDirectory /home/visino/VisinoJuanCruz/Facultad/Objetos2/ejercicio_1/src/test/resources
2023-03-27 01:36:59,759 [Worker-26: Building] INFO  o.e.m.c.i.embedder.EclipseLogger - Using 'UTF-8' encoding to copy filtered resources.
2023-03-27 01:36:59,759 [Worker-26: Building] INFO  o.e.m.c.i.embedder.EclipseLogger - skip non existing resourceDirectory /home/visino/VisinoJuanCruz/Facultad/Objetos2/ejercicio_1/src/main/resources
2023-03-27 01:36:59,760 [Worker-26: Building] INFO  o.e.m.c.i.embedder.EclipseLogger - Using 'UTF-8' encoding to copy filtered resources.
2023-03-27 01:36:59,760 [Worker-26: Building] INFO  o.e.m.c.i.embedder.EclipseLogger - skip non existing resourceDirectory /home/visino/VisinoJuanCruz/Facultad/Objetos2/ejercicio_1/src/test/resources
2023-03-27 01:37:04,374 [Worker-26: Building] INFO  o.e.m.c.i.embedder.EclipseLogger - Using 'UTF-8' encoding to copy filtered resources.
2023-03-27 01:37:04,375 [Worker-26: Building] INFO  o.e.m.c.i.embedder.EclipseLogger - skip non existing resourceDirectory /home/visino/VisinoJuanCruz/Facultad/Objetos2/ejercicio_1/src/main/resources
2023-03-27 01:37:04,375 [Worker-26: Building] INFO  o.e.m.c.i.embedder.EclipseLogger - Using 'UTF-8' encoding to copy filtered resources.
2023-03-27 01:37:04,375 [Worker-26: Building] INFO  o.e.m.c.i.embedder.EclipseLogger - skip non existing resourceDirectory /home/visino/VisinoJuanCruz/Facultad/Objetos2/ejercicio_1/src/test/resources
2023-03-27 01:37:21,504 [Worker-25: Building] INFO  o.e.m.c.i.embedder.EclipseLogger - Using 'UTF-8' encoding to copy filtered resources.
2023-03-27 01:37:21,504 [Worker-25: Building] INFO  o.e.m.c.i.embedder.EclipseLogger - skip non existing resourceDirectory /home/visino/VisinoJuanCruz/Facultad/Objetos2/ejercicio_1/src/main/resources
2023-03-27 01:37:21,504 [Worker-25: Building] INFO  o.e.m.c.i.embedder.EclipseLogger - Using 'UTF-8' encoding to copy filtered resources.
2023-03-27 01:37:21,504 [Worker-25: Building] INFO  o.e.m.c.i.embedder.EclipseLogger - skip non existing resourceDirectory /home/visino/VisinoJuanCruz/Facultad/Objetos2/ejercicio_1/src/test/resources
2023-03-27 01:49:33,815 [Worker-28: Building] INFO  o.e.m.c.i.embedder.EclipseLogger - Using 'UTF-8' encoding to copy filtered resources.
2023-03-27 01:49:33,815 [Worker-28: Building] INFO  o.e.m.c.i.embedder.EclipseLogger - skip non existing resourceDirectory /home/visino/VisinoJuanCruz/Facultad/Objetos2/ejercicio_1/src/main/resources
2023-03-27 01:49:33,816 [Worker-28: Building] INFO  o.e.m.c.i.embedder.EclipseLogger - Using 'UTF-8' encoding to copy filtered resources.
2023-03-27 01:49:33,816 [Worker-28: Building] INFO  o.e.m.c.i.embedder.EclipseLogger - skip non existing resourceDirectory /home/visino/VisinoJuanCruz/Facultad/Objetos2/ejercicio_1/src/test/resources
2023-03-27 01:49:47,092 [Worker-28: Building] INFO  o.e.m.c.i.embedder.EclipseLogger - Using 'UTF-8' encoding to copy filtered resources.
2023-03-27 01:49:47,092 [Worker-28: Building] INFO  o.e.m.c.i.embedder.EclipseLogger - skip non existing resourceDirectory /home/visino/VisinoJuanCruz/Facultad/Objetos2/ejercicio_1/src/main/resources
2023-03-27 01:49:47,093 [Worker-28: Building] INFO  o.e.m.c.i.embedder.EclipseLogger - Using 'UTF-8' encoding to copy filtered resources.
2023-03-27 01:49:47,093 [Worker-28: Building] INFO  o.e.m.c.i.embedder.EclipseLogger - skip non existing resourceDirectory /home/visino/VisinoJuanCruz/Facultad/Objetos2/ejercicio_1/src/test/resources
2023-03-27 01:49:54,405 [Worker-28: Building] INFO  o.e.m.c.i.embedder.EclipseLogger - Using 'UTF-8' encoding to copy filtered resources.
2023-03-27 01:49:54,406 [Worker-28: Building] INFO  o.e.m.c.i.embedder.EclipseLogger - skip non existing resourceDirectory /home/visino/VisinoJuanCruz/Facultad/Objetos2/ejercicio_1/src/main/resources
2023-03-27 01:49:54,406 [Worker-28: Building] INFO  o.e.m.c.i.embedder.EclipseLogger - Using 'UTF-8' encoding to copy filtered resources.
2023-03-27 01:49:54,407 [Worker-28: Building] INFO  o.e.m.c.i.embedder.EclipseLogger - skip non existing resourceDirectory /home/visino/VisinoJuanCruz/Facultad/Objetos2/ejercicio_1/src/test/resources
2023-03-27 01:49:57,016 [Worker-29: Building] INFO  o.e.m.c.i.embedder.EclipseLogger - Using 'UTF-8' encoding to copy filtered resources.
2023-03-27 01:49:57,016 [Worker-29: Building] INFO  o.e.m.c.i.embedder.EclipseLogger - skip non existing resourceDirectory /home/visino/VisinoJuanCruz/Facultad/Objetos2/ejercicio_1/src/main/resources
2023-03-27 01:49:57,017 [Worker-29: Building] INFO  o.e.m.c.i.embedder.EclipseLogger - Using 'UTF-8' encoding to copy filtered resources.
2023-03-27 01:49:57,017 [Worker-29: Building] INFO  o.e.m.c.i.embedder.EclipseLogger - skip non existing resourceDirectory /home/visino/VisinoJuanCruz/Facultad/Objetos2/ejercicio_1/src/test/resources
2023-03-27 01:49:58,793 [Worker-30: Building] INFO  o.e.m.c.i.embedder.EclipseLogger - Using 'UTF-8' encoding to copy filtered resources.
2023-03-27 01:49:58,793 [Worker-30: Building] INFO  o.e.m.c.i.embedder.EclipseLogger - skip non existing resourceDirectory /home/visino/VisinoJuanCruz/Facultad/Objetos2/ejercicio_1/src/main/resources
2023-03-27 01:49:58,794 [Worker-30: Building] INFO  o.e.m.c.i.embedder.EclipseLogger - Using 'UTF-8' encoding to copy filtered resources.
2023-03-27 01:49:58,794 [Worker-30: Building] INFO  o.e.m.c.i.embedder.EclipseLogger - skip non existing resourceDirectory /home/visino/VisinoJuanCruz/Facultad/Objetos2/ejercicio_1/src/test/resources
2023-03-27 01:50:11,313 [Worker-29: Building] INFO  o.e.m.c.i.embedder.EclipseLogger - Using 'UTF-8' encoding to copy filtered resources.
2023-03-27 01:50:11,313 [Worker-29: Building] INFO  o.e.m.c.i.embedder.EclipseLogger - skip non existing resourceDirectory /home/visino/VisinoJuanCruz/Facultad/Objetos2/ejercicio_1/src/main/resources
2023-03-27 01:50:11,314 [Worker-29: Building] INFO  o.e.m.c.i.embedder.EclipseLogger - Using 'UTF-8' encoding to copy filtered resources.
2023-03-27 01:50:11,314 [Worker-29: Building] INFO  o.e.m.c.i.embedder.EclipseLogger - skip non existing resourceDirectory /home/visino/VisinoJuanCruz/Facultad/Objetos2/ejercicio_1/src/test/resources
2023-03-27 01:51:26,320 [Worker-27: Building] INFO  o.e.m.c.i.embedder.EclipseLogger - Using 'UTF-8' encoding to copy filtered resources.
2023-03-27 01:51:26,320 [Worker-27: Building] INFO  o.e.m.c.i.embedder.EclipseLogger - skip non existing resourceDirectory /home/visino/VisinoJuanCruz/Facultad/Objetos2/ejercicio_1/src/main/resources
2023-03-27 01:51:26,321 [Worker-27: Building] INFO  o.e.m.c.i.embedder.EclipseLogger - Using 'UTF-8' encoding to copy filtered resources.
2023-03-27 01:51:26,321 [Worker-27: Building] INFO  o.e.m.c.i.embedder.EclipseLogger - skip non existing resourceDirectory /home/visino/VisinoJuanCruz/Facultad/Objetos2/ejercicio_1/src/test/resources
2023-03-27 01:51:38,319 [Worker-29: Building] INFO  o.e.m.c.i.embedder.EclipseLogger - Using 'UTF-8' encoding to copy filtered resources.
2023-03-27 01:51:38,319 [Worker-29: Building] INFO  o.e.m.c.i.embedder.EclipseLogger - skip non existing resourceDirectory /home/visino/VisinoJuanCruz/Facultad/Objetos2/ejercicio_1/src/main/resources
2023-03-27 01:51:38,320 [Worker-29: Building] INFO  o.e.m.c.i.embedder.EclipseLogger - Using 'UTF-8' encoding to copy filtered resources.
2023-03-27 01:51:38,320 [Worker-29: Building] INFO  o.e.m.c.i.embedder.EclipseLogger - skip non existing resourceDirectory /home/visino/VisinoJuanCruz/Facultad/Objetos2/ejercicio_1/src/test/resources
2023-03-27 01:52:17,981 [Worker-25: Building] INFO  o.e.m.c.i.embedder.EclipseLogger - Using 'UTF-8' encoding to copy filtered resources.
2023-03-27 01:52:17,982 [Worker-25: Building] INFO  o.e.m.c.i.embedder.EclipseLogger - skip non existing resourceDirectory /home/visino/VisinoJuanCruz/Facultad/Objetos2/ejercicio_1/src/main/resources
2023-03-27 01:52:17,983 [Worker-25: Building] INFO  o.e.m.c.i.embedder.EclipseLogger - Using 'UTF-8' encoding to copy filtered resources.
2023-03-27 01:52:17,983 [Worker-25: Building] INFO  o.e.m.c.i.embedder.EclipseLogger - skip non existing resourceDirectory /home/visino/VisinoJuanCruz/Facultad/Objetos2/ejercicio_1/src/test/resources
2023-03-27 01:52:32,873 [Worker-30: Building] INFO  o.e.m.c.i.embedder.EclipseLogger - Using 'UTF-8' encoding to copy filtered resources.
2023-03-27 01:52:32,874 [Worker-30: Building] INFO  o.e.m.c.i.embedder.EclipseLogger - skip non existing resourceDirectory /home/visino/VisinoJuanCruz/Facultad/Objetos2/ejercicio_1/src/main/resources
2023-03-27 01:52:32,874 [Worker-30: Building] INFO  o.e.m.c.i.embedder.EclipseLogger - Using 'UTF-8' encoding to copy filtered resources.
2023-03-27 01:52:32,875 [Worker-30: Building] INFO  o.e.m.c.i.embedder.EclipseLogger - skip non existing resourceDirectory /home/visino/VisinoJuanCruz/Facultad/Objetos2/ejercicio_1/src/test/resources
2023-03-27 01:53:33,874 [Worker-27: Building] INFO  o.e.m.c.i.embedder.EclipseLogger - Using 'UTF-8' encoding to copy filtered resources.
2023-03-27 01:53:33,875 [Worker-27: Building] INFO  o.e.m.c.i.embedder.EclipseLogger - skip non existing resourceDirectory /home/visino/VisinoJuanCruz/Facultad/Objetos2/ejercicio_1/src/main/resources
2023-03-27 01:53:33,875 [Worker-27: Building] INFO  o.e.m.c.i.embedder.EclipseLogger - Using 'UTF-8' encoding to copy filtered resources.
2023-03-27 01:53:33,875 [Worker-27: Building] INFO  o.e.m.c.i.embedder.EclipseLogger - skip non existing resourceDirectory /home/visino/VisinoJuanCruz/Facultad/Objetos2/ejercicio_1/src/test/resources
2023-03-27 01:53:38,878 [Worker-27: Building] INFO  o.e.m.c.i.embedder.EclipseLogger - Using 'UTF-8' encoding to copy filtered resources.
2023-03-27 01:53:38,878 [Worker-27: Building] INFO  o.e.m.c.i.embedder.EclipseLogger - skip non existing resourceDirectory /home/visino/VisinoJuanCruz/Facultad/Objetos2/ejercicio_1/src/main/resources
2023-03-27 01:53:38,879 [Worker-27: Building] INFO  o.e.m.c.i.embedder.EclipseLogger - Using 'UTF-8' encoding to copy filtered resources.
2023-03-27 01:53:38,879 [Worker-27: Building] INFO  o.e.m.c.i.embedder.EclipseLogger - skip non existing resourceDirectory /home/visino/VisinoJuanCruz/Facultad/Objetos2/ejercicio_1/src/test/resources
2023-03-27 01:53:54,149 [Worker-32: Building] INFO  o.e.m.c.i.embedder.EclipseLogger - Using 'UTF-8' encoding to copy filtered resources.
2023-03-27 01:53:54,149 [Worker-32: Building] INFO  o.e.m.c.i.embedder.EclipseLogger - skip non existing resourceDirectory /home/visino/VisinoJuanCruz/Facultad/Objetos2/ejercicio_1/src/main/resources
2023-03-27 01:53:54,150 [Worker-32: Building] INFO  o.e.m.c.i.embedder.EclipseLogger - Using 'UTF-8' encoding to copy filtered resources.
2023-03-27 01:53:54,150 [Worker-32: Building] INFO  o.e.m.c.i.embedder.EclipseLogger - skip non existing resourceDirectory /home/visino/VisinoJuanCruz/Facultad/Objetos2/ejercicio_1/src/test/resources
2023-03-27 01:57:05,859 [Worker-29: Building] INFO  o.e.m.c.i.embedder.EclipseLogger - Using 'UTF-8' encoding to copy filtered resources.
2023-03-27 01:57:05,859 [Worker-29: Building] INFO  o.e.m.c.i.embedder.EclipseLogger - skip non existing resourceDirectory /home/visino/VisinoJuanCruz/Facultad/Objetos2/ejercicio_1/src/main/resources
2023-03-27 01:57:05,860 [Worker-29: Building] INFO  o.e.m.c.i.embedder.EclipseLogger - Using 'UTF-8' encoding to copy filtered resources.
2023-03-27 01:57:05,860 [Worker-29: Building] INFO  o.e.m.c.i.embedder.EclipseLogger - skip non existing resourceDirectory /home/visino/VisinoJuanCruz/Facultad/Objetos2/ejercicio_1/src/test/resources
2023-03-27 02:00:12,831 [Worker-29: Building] INFO  o.e.m.c.i.embedder.EclipseLogger - Using 'UTF-8' encoding to copy filtered resources.
2023-03-27 02:00:12,832 [Worker-29: Building] INFO  o.e.m.c.i.embedder.EclipseLogger - skip non existing resourceDirectory /home/visino/VisinoJuanCruz/Facultad/Objetos2/ejercicio_1/src/main/resources
2023-03-27 02:00:12,833 [Worker-29: Building] INFO  o.e.m.c.i.embedder.EclipseLogger - Using 'UTF-8' encoding to copy filtered resources.
2023-03-27 02:00:12,833 [Worker-29: Building] INFO  o.e.m.c.i.embedder.EclipseLogger - skip non existing resourceDirectory /home/visino/VisinoJuanCruz/Facultad/Objetos2/ejercicio_1/src/test/resources
2023-03-27 02:09:37,326 [Worker-38: Building] INFO  o.e.m.c.i.embedder.EclipseLogger - Using 'UTF-8' encoding to copy filtered resources.
2023-03-27 02:09:37,326 [Worker-38: Building] INFO  o.e.m.c.i.embedder.EclipseLogger - skip non existing resourceDirectory /home/visino/VisinoJuanCruz/Facultad/Objetos2/ejercicio_1/src/main/resources
2023-03-27 02:09:37,327 [Worker-38: Building] INFO  o.e.m.c.i.embedder.EclipseLogger - Using 'UTF-8' encoding to copy filtered resources.
2023-03-27 02:09:37,327 [Worker-38: Building] INFO  o.e.m.c.i.embedder.EclipseLogger - skip non existing resourceDirectory /home/visino/VisinoJuanCruz/Facultad/Objetos2/ejercicio_1/src/test/resources
2023-03-27 02:12:11,018 [Worker-41: Building] INFO  o.e.m.c.i.embedder.EclipseLogger - Using 'UTF-8' encoding to copy filtered resources.
2023-03-27 02:12:11,018 [Worker-41: Building] INFO  o.e.m.c.i.embedder.EclipseLogger - skip non existing resourceDirectory /home/visino/VisinoJuanCruz/Facultad/Objetos2/ejercicio_1/src/main/resources
2023-03-27 02:12:11,019 [Worker-41: Building] INFO  o.e.m.c.i.embedder.EclipseLogger - Using 'UTF-8' encoding to copy filtered resources.
2023-03-27 02:12:11,019 [Worker-41: Building] INFO  o.e.m.c.i.embedder.EclipseLogger - skip non existing resourceDirectory /home/visino/VisinoJuanCruz/Facultad/Objetos2/ejercicio_1/src/test/resources
2023-03-27 02:13:13,708 [Worker-38: Building] INFO  o.e.m.c.i.embedder.EclipseLogger - Using 'UTF-8' encoding to copy filtered resources.
2023-03-27 02:13:13,708 [Worker-38: Building] INFO  o.e.m.c.i.embedder.EclipseLogger - skip non existing resourceDirectory /home/visino/VisinoJuanCruz/Facultad/Objetos2/ejercicio_1/src/main/resources
2023-03-27 02:13:13,709 [Worker-38: Building] INFO  o.e.m.c.i.embedder.EclipseLogger - Using 'UTF-8' encoding to copy filtered resources.
2023-03-27 02:13:13,709 [Worker-38: Building] INFO  o.e.m.c.i.embedder.EclipseLogger - skip non existing resourceDirectory /home/visino/VisinoJuanCruz/Facultad/Objetos2/ejercicio_1/src/test/resources
2023-03-27 02:15:03,546 [Worker-41: Building] INFO  o.e.m.c.i.embedder.EclipseLogger - Using 'UTF-8' encoding to copy filtered resources.
2023-03-27 02:15:03,546 [Worker-41: Building] INFO  o.e.m.c.i.embedder.EclipseLogger - skip non existing resourceDirectory /home/visino/VisinoJuanCruz/Facultad/Objetos2/ejercicio_1/src/main/resources
2023-03-27 02:15:03,547 [Worker-41: Building] INFO  o.e.m.c.i.embedder.EclipseLogger - Using 'UTF-8' encoding to copy filtered resources.
2023-03-27 02:15:03,547 [Worker-41: Building] INFO  o.e.m.c.i.embedder.EclipseLogger - skip non existing resourceDirectory /home/visino/VisinoJuanCruz/Facultad/Objetos2/ejercicio_1/src/test/resources
2023-03-27 02:15:18,571 [Worker-41: Building] INFO  o.e.m.c.i.embedder.EclipseLogger - Using 'UTF-8' encoding to copy filtered resources.
2023-03-27 02:15:18,571 [Worker-41: Building] INFO  o.e.m.c.i.embedder.EclipseLogger - skip non existing resourceDirectory /home/visino/VisinoJuanCruz/Facultad/Objetos2/ejercicio_1/src/main/resources
2023-03-27 02:15:18,572 [Worker-41: Building] INFO  o.e.m.c.i.embedder.EclipseLogger - Using 'UTF-8' encoding to copy filtered resources.
2023-03-27 02:15:18,572 [Worker-41: Building] INFO  o.e.m.c.i.embedder.EclipseLogger - skip non existing resourceDirectory /home/visino/VisinoJuanCruz/Facultad/Objetos2/ejercicio_1/src/test/resources
2023-03-27 02:15:32,951 [Worker-40: Building] INFO  o.e.m.c.i.embedder.EclipseLogger - Using 'UTF-8' encoding to copy filtered resources.
2023-03-27 02:15:32,951 [Worker-40: Building] INFO  o.e.m.c.i.embedder.EclipseLogger - skip non existing resourceDirectory /home/visino/VisinoJuanCruz/Facultad/Objetos2/ejercicio_1/src/main/resources
2023-03-27 02:15:32,951 [Worker-40: Building] INFO  o.e.m.c.i.embedder.EclipseLogger - Using 'UTF-8' encoding to copy filtered resources.
2023-03-27 02:15:32,952 [Worker-40: Building] INFO  o.e.m.c.i.embedder.EclipseLogger - skip non existing resourceDirectory /home/visino/VisinoJuanCruz/Facultad/Objetos2/ejercicio_1/src/test/resources
2023-03-27 02:15:47,218 [Worker-42: Building] INFO  o.e.m.c.i.embedder.EclipseLogger - Using 'UTF-8' encoding to copy filtered resources.
2023-03-27 02:15:47,218 [Worker-42: Building] INFO  o.e.m.c.i.embedder.EclipseLogger - skip non existing resourceDirectory /home/visino/VisinoJuanCruz/Facultad/Objetos2/ejercicio_1/src/main/resources
2023-03-27 02:15:47,219 [Worker-42: Building] INFO  o.e.m.c.i.embedder.EclipseLogger - Using 'UTF-8' encoding to copy filtered resources.
2023-03-27 02:15:47,219 [Worker-42: Building] INFO  o.e.m.c.i.embedder.EclipseLogger - skip non existing resourceDirectory /home/visino/VisinoJuanCruz/Facultad/Objetos2/ejercicio_1/src/test/resources
2023-03-27 02:15:59,969 [Worker-38: Building] INFO  o.e.m.c.i.embedder.EclipseLogger - Using 'UTF-8' encoding to copy filtered resources.
2023-03-27 02:15:59,970 [Worker-38: Building] INFO  o.e.m.c.i.embedder.EclipseLogger - skip non existing resourceDirectory /home/visino/VisinoJuanCruz/Facultad/Objetos2/ejercicio_1/src/main/resources
2023-03-27 02:15:59,971 [Worker-38: Building] INFO  o.e.m.c.i.embedder.EclipseLogger - Using 'UTF-8' encoding to copy filtered resources.
2023-03-27 02:15:59,971 [Worker-38: Building] INFO  o.e.m.c.i.embedder.EclipseLogger - skip non existing resourceDirectory /home/visino/VisinoJuanCruz/Facultad/Objetos2/ejercicio_1/src/test/resources
2023-03-27 02:16:16,346 [Worker-36: Building] INFO  o.e.m.c.i.embedder.EclipseLogger - Using 'UTF-8' encoding to copy filtered resources.
2023-03-27 02:16:16,347 [Worker-36: Building] INFO  o.e.m.c.i.embedder.EclipseLogger - skip non existing resourceDirectory /home/visino/VisinoJuanCruz/Facultad/Objetos2/ejercicio_1/src/main/resources
2023-03-27 02:16:16,347 [Worker-36: Building] INFO  o.e.m.c.i.embedder.EclipseLogger - Using 'UTF-8' encoding to copy filtered resources.
2023-03-27 02:16:16,347 [Worker-36: Building] INFO  o.e.m.c.i.embedder.EclipseLogger - skip non existing resourceDirectory /home/visino/VisinoJuanCruz/Facultad/Objetos2/ejercicio_1/src/test/resources
2023-03-27 02:16:23,068 [Worker-41: Building] INFO  o.e.m.c.i.embedder.EclipseLogger - Using 'UTF-8' encoding to copy filtered resources.
2023-03-27 02:16:23,068 [Worker-41: Building] INFO  o.e.m.c.i.embedder.EclipseLogger - skip non existing resourceDirectory /home/visino/VisinoJuanCruz/Facultad/Objetos2/ejercicio_1/src/main/resources
2023-03-27 02:16:23,069 [Worker-41: Building] INFO  o.e.m.c.i.embedder.EclipseLogger - Using 'UTF-8' encoding to copy filtered resources.
2023-03-27 02:16:23,069 [Worker-41: Building] INFO  o.e.m.c.i.embedder.EclipseLogger - skip non existing resourceDirectory /home/visino/VisinoJuanCruz/Facultad/Objetos2/ejercicio_1/src/test/resources
2023-03-27 02:16:29,888 [Worker-36: Building] INFO  o.e.m.c.i.embedder.EclipseLogger - Using 'UTF-8' encoding to copy filtered resources.
2023-03-27 02:16:29,888 [Worker-36: Building] INFO  o.e.m.c.i.embedder.EclipseLogger - skip non existing resourceDirectory /home/visino/VisinoJuanCruz/Facultad/Objetos2/ejercicio_1/src/main/resources
2023-03-27 02:16:29,889 [Worker-36: Building] INFO  o.e.m.c.i.embedder.EclipseLogger - Using 'UTF-8' encoding to copy filtered resources.
2023-03-27 02:16:29,889 [Worker-36: Building] INFO  o.e.m.c.i.embedder.EclipseLogger - skip non existing resourceDirectory /home/visino/VisinoJuanCruz/Facultad/Objetos2/ejercicio_1/src/test/resources
2023-03-27 02:17:06,602 [Worker-38: Building] INFO  o.e.m.c.i.embedder.EclipseLogger - Using 'UTF-8' encoding to copy filtered resources.
2023-03-27 02:17:06,602 [Worker-38: Building] INFO  o.e.m.c.i.embedder.EclipseLogger - skip non existing resourceDirectory /home/visino/VisinoJuanCruz/Facultad/Objetos2/ejercicio_1/src/main/resources
2023-03-27 02:17:06,603 [Worker-38: Building] INFO  o.e.m.c.i.embedder.EclipseLogger - Using 'UTF-8' encoding to copy filtered resources.
2023-03-27 02:17:06,603 [Worker-38: Building] INFO  o.e.m.c.i.embedder.EclipseLogger - skip non existing resourceDirectory /home/visino/VisinoJuanCruz/Facultad/Objetos2/ejercicio_1/src/test/resources
2023-03-27 02:17:12,127 [Worker-42: Building] INFO  o.e.m.c.i.embedder.EclipseLogger - Using 'UTF-8' encoding to copy filtered resources.
2023-03-27 02:17:12,128 [Worker-42: Building] INFO  o.e.m.c.i.embedder.EclipseLogger - skip non existing resourceDirectory /home/visino/VisinoJuanCruz/Facultad/Objetos2/ejercicio_1/src/main/resources
2023-03-27 02:17:12,129 [Worker-42: Building] INFO  o.e.m.c.i.embedder.EclipseLogger - Using 'UTF-8' encoding to copy filtered resources.
2023-03-27 02:17:12,129 [Worker-42: Building] INFO  o.e.m.c.i.embedder.EclipseLogger - skip non existing resourceDirectory /home/visino/VisinoJuanCruz/Facultad/Objetos2/ejercicio_1/src/test/resources
2023-03-27 02:18:33,499 [Worker-43: Building] INFO  o.e.m.c.i.embedder.EclipseLogger - Using 'UTF-8' encoding to copy filtered resources.
2023-03-27 02:18:33,499 [Worker-43: Building] INFO  o.e.m.c.i.embedder.EclipseLogger - skip non existing resourceDirectory /home/visino/VisinoJuanCruz/Facultad/Objetos2/ejercicio_1/src/main/resources
2023-03-27 02:18:33,501 [Worker-43: Building] INFO  o.e.m.c.i.embedder.EclipseLogger - Using 'UTF-8' encoding to copy filtered resources.
2023-03-27 02:18:33,501 [Worker-43: Building] INFO  o.e.m.c.i.embedder.EclipseLogger - skip non existing resourceDirectory /home/visino/VisinoJuanCruz/Facultad/Objetos2/ejercicio_1/src/test/resources
2023-03-27 02:22:38,989 [Worker-44: Building] INFO  o.e.m.c.i.embedder.EclipseLogger - Using 'UTF-8' encoding to copy filtered resources.
2023-03-27 02:22:38,989 [Worker-44: Building] INFO  o.e.m.c.i.embedder.EclipseLogger - skip non existing resourceDirectory /home/visino/VisinoJuanCruz/Facultad/Objetos2/ejercicio_1/src/main/resources
2023-03-27 02:22:38,990 [Worker-44: Building] INFO  o.e.m.c.i.embedder.EclipseLogger - Using 'UTF-8' encoding to copy filtered resources.
2023-03-27 02:22:38,990 [Worker-44: Building] INFO  o.e.m.c.i.embedder.EclipseLogger - skip non existing resourceDirectory /home/visino/VisinoJuanCruz/Facultad/Objetos2/ejercicio_1/src/test/resources
2023-03-27 02:23:00,677 [Worker-44: Building] INFO  o.e.m.c.i.embedder.EclipseLogger - Using 'UTF-8' encoding to copy filtered resources.
2023-03-27 02:23:00,678 [Worker-44: Building] INFO  o.e.m.c.i.embedder.EclipseLogger - skip non existing resourceDirectory /home/visino/VisinoJuanCruz/Facultad/Objetos2/ejercicio_1/src/main/resources
2023-03-27 02:23:00,679 [Worker-44: Building] INFO  o.e.m.c.i.embedder.EclipseLogger - Using 'UTF-8' encoding to copy filtered resources.
2023-03-27 02:23:00,679 [Worker-44: Building] INFO  o.e.m.c.i.embedder.EclipseLogger - skip non existing resourceDirectory /home/visino/VisinoJuanCruz/Facultad/Objetos2/ejercicio_1/src/test/resources
